<?xml version="1.0" encoding="UTF-8"?><testsuite errors="0" failures="1" name="Criptomonedas test" skipped="0" tests="1" time="16.29" timestamp="2022-04-18 09:08:37"><testcase name="Delete and edit a criptocurrency in application"><failure message="Expected enabled element was not enabled" type="net.thucydides.core.webdriver.exceptions.ElementShouldBeEnabledException">Expected enabled element was not enabled</failure><system-err>Expected enabled element was not enabled&#13;
com.criptomonedas.certification.test.tasks.ListarMonedaPorGestoraDisponible.performAs(ListarMonedaPorGestoraDisponible.java:18)&#13;
co.criptomonedas.certification.test.stepdenifitions.agregaMonedaSteptDefinitions.theUserWantViewYourCriptocurrencysInTableGestoras(agregaMonedaSteptDefinitions.java:76)&#13;
cucumber.runner.Runner.runPickle(Runner.java:80)&#13;
</system-err></testcase></testsuite>